[2025-12-29 14:46:22] To: nishantpoudel36@gmail.com
Subject: Test email from Shop Billing System
Body:
This is a test email sent at 2025-12-29 14:46:20
----
[2025-12-29 14:48:22] To: nishantpoudel36@gmail.com
Subject: Test email from Shop Billing System
Body:
This is a test email sent at 2025-12-29 14:48:20
----
[2026-02-15 13:58:17] To: sunsine12@gmail.com
Subject: Verify your account
Body:
Hi Sunshine fashion,<br>Please verify your account by clicking the following link: <a href='http://localhost/final/verify.php?token=c980f4ff7d0d6f93911b7c5f03c1be06'>Verify Email</a><br>This link expires in 24 hours.
----
[2026-03-17 15:01:09] To: sapkotaminimart@gmail.com
Subject: Verify your account
Body:
Hi sapkotaminimart@gmail.com,<br>Please verify your account by clicking the following link: <a href='http://localhost/final/verify.php?token=ce365ed0a87396120ed9375b373b6901'>Verify Email</a><br>This link expires in 24 hours.
----
[2026-03-20 06:45:05] To: sudeepkhanal123@gmail.com
Subject: Verify your account
Body:
Hi sudeep khanal12,<br>Please verify your account by clicking the following link: <a href='http://localhost/final/verify.php?token=69216ec90d5cb6cc70a0d6b8de6f11b1'>Verify Email</a><br>This link expires in 24 hours.
----
[2026-03-20 06:47:07] To: sudeepkhanal23@gmail.com
Subject: Verify your account
Body:
Hi sudeep khanal1234,<br>Please verify your account by clicking the following link: <a href='http://localhost/final/verify.php?token=6047c245b51dce9518828ff3a9f292b4'>Verify Email</a><br>This link expires in 24 hours.
----
[2026-03-22 05:51:09] To: 100@123gmail.com
Subject: Verify your account
Body:
Hi jdhfkjadsghkhfgaksdjh,<br>Please verify your account by clicking the following link: <a href='http://localhost/final/verify.php?token=c8083d0a8c797fc714e022cadd1e6b02'>Verify Email</a><br>This link expires in 24 hours.
----
[2026-03-23 06:08:22] To: 100@100gmail.com
Subject: Verify your account
Body:
Hi qwkjhakjhdkajw,<br>Please verify your account by clicking the following link: <a href='http://localhost/final/verify.php?token=a65a8302f182d3e89725d23510ddad33'>Verify Email</a><br>This link expires in 24 hours.
----
